# JRE version: OpenJDK Runtime Environment (8.0_152-b01) (build 1.8.0_152-release-1248-b01)
# Java VM: OpenJDK 64-Bit Server VM (25.152-b01 mixed mode windows-amd64 compressed oops)
Heap:
 PSYoungGen      total 448000K, used 348452K [0x00000000e0000000, 0x00000000ffe80000, 0x0000000100000000)
  eden space 380928K, 86% used [0x00000000e0000000,0x00000000f4120380,0x00000000f7400000)
  from space 67072K, 29% used [0x00000000f7400000,0x00000000f8728f20,0x00000000fb580000)
  to   space 65024K, 0% used [0x00000000fbf00000,0x00000000fbf00000,0x00000000ffe80000)
 ParOldGen       total 322048K, used 239331K [0x00000000a0000000, 0x00000000b3a80000, 0x00000000e0000000)
  object space 322048K, 74% used [0x00000000a0000000,0x00000000ae9b8c28,0x00000000b3a80000)
 Metaspace       used 111492K, capacity 116386K, committed 116480K, reserved 1150976K
  class space    used 14092K, capacity 15081K, committed 15104K, reserved 1048576K
GC Heap History (10 events):
Event: 284.087 GC heap before
{Heap before GC invocations=37 (full 4):
 PSYoungGen      total 406016K, used 391537K [0x00000000e0000000, 0x00000000fe100000, 0x0000000100000000)
  eden space 336384K, 100% used [0x00000000e0000000,0x00000000f4880000,0x00000000f4880000)
  from space 69632K, 79% used [0x00000000f9180000,0x00000000fc75c718,0x00000000fd580000)
  to   space 74752K, 0% used [0x00000000f4880000,0x00000000f4880000,0x00000000f9180000)
 ParOldGen       total 322048K, used 206531K [0x00000000a0000000, 0x00000000b3a80000, 0x00000000e0000000)
  object space 322048K, 64% used [0x00000000a0000000,0x00000000ac9b0d80,0x00000000b3a80000)
 Metaspace       used 90363K, capacity 93818K, committed 93952K, reserved 1130496K
  class space    used 11418K, capacity 12184K, committed 12288K, reserved 1048576K
Event: 284.140 GC heap after
Heap after GC invocations=37 (full 4):
 PSYoungGen      total 411136K, used 36060K [0x00000000e0000000, 0x00000000fff00000, 0x0000000100000000)
  eden space 336384K, 0% used [0x00000000e0000000,0x00000000e0000000,0x00000000f4880000)
  from space 74752K, 48% used [0x00000000f4880000,0x00000000f6bb70c0,0x00000000f9180000)
  to   space 71680K, 0% used [0x00000000fb900000,0x00000000fb900000,0x00000000fff00000)
 ParOldGen       total 322048K, used 206539K [0x00000000a0000000, 0x00000000b3a80000, 0x00000000e0000000)
  object space 322048K, 64% used [0x00000000a0000000,0x00000000ac9b2d80,0x00000000b3a80000)
 Metaspace       used 90363K, capacity 93818K, committed 93952K, reserved 1130496K
  class space    used 11418K, capacity 12184K, committed 12288K, reserved 1048576K
}
Event: 284.204 GC heap before
{Heap before GC invocations=38 (full 4):
 PSYoungGen      total 411136K, used 371578K [0x00000000e0000000, 0x00000000fff00000, 0x0000000100000000)
  eden space 336384K, 99% used [0x00000000e0000000,0x00000000f47a7890,0x00000000f4880000)
  from space 74752K, 48% used [0x00000000f4880000,0x00000000f6bb70c0,0x00000000f9180000)
  to   space 71680K, 0% used [0x00000000fb900000,0x00000000fb900000,0x00000000fff00000)
 ParOldGen       total 322048K, used 206539K [0x00000000a0000000, 0x00000000b3a80000, 0x00000000e0000000)
  object space 322048K, 64% used [0x00000000a0000000,0x00000000ac9b2d80,0x00000000b3a80000)
 Metaspace       used 90367K, capacity 93818K, committed 93952K, reserved 1130496K
  class space    used 11418K, capacity 12184K, committed 12288K, reserved 1048576K
Event: 284.251 GC heap after
Heap after GC invocations=38 (full 4):
 PSYoungGen      total 449536K, used 4531K [0x00000000e0000000, 0x00000000fff00000, 0x0000000100000000)
  eden space 377856K, 0% used [0x00000000e0000000,0x00000000e0000000,0x00000000f7100000)
  from space 71680K, 6% used [0x00000000fb900000,0x00000000fbd6cd08,0x00000000fff00000)
  to   space 72704K, 0% used [0x00000000f7100000,0x00000000f7100000,0x00000000fb800000)
 ParOldGen       total 322048K, used 228040K [0x00000000a0000000, 0x00000000b3a80000, 0x00000000e0000000)
  object space 322048K, 70% used [0x00000000a0000000,0x00000000adeb21d8,0x00000000b3a80000)
 Metaspace       used 90367K, capacity 93818K, committed 93952K, reserved 1130496K
  class space    used 11418K, capacity 12184K, committed 12288K, reserved 1048576K
}
Event: 834.109 GC heap before
{Heap before GC invocations=39 (full 4):
 PSYoungGen      total 449536K, used 382387K [0x00000000e0000000, 0x00000000fff00000, 0x0000000100000000)
  eden space 377856K, 100% used [0x00000000e0000000,0x00000000f7100000,0x00000000f7100000)
  from space 71680K, 6% used [0x00000000fb900000,0x00000000fbd6cd08,0x00000000fff00000)
  to   space 72704K, 0% used [0x00000000f7100000,0x00000000f7100000,0x00000000fb800000)
 ParOldGen       total 322048K, used 228040K [0x00000000a0000000, 0x00000000b3a80000, 0x00000000e0000000)
  object space 322048K, 70% used [0x00000000a0000000,0x00000000adeb21d8,0x00000000b3a80000)
 Metaspace       used 98620K, capacity 102486K, committed 102784K, reserved 1138688K
  class space    used 12480K, capacity 13339K, committed 13440K, reserved 1048576K
Event: 834.142 GC heap after
Heap after GC invocations=39 (full 4):
 PSYoungGen      total 450560K, used 19142K [0x00000000e0000000, 0x00000000ffd00000, 0x0000000100000000)
  eden space 377856K, 0% used [0x00000000e0000000,0x00000000e0000000,0x00000000f7100000)
  from space 72704K, 26% used [0x00000000f7100000,0x00000000f83b1800,0x00000000fb800000)
  to   space 70656K, 0% used [0x00000000fb800000,0x00000000fb800000,0x00000000ffd00000)
 ParOldGen       total 322048K, used 229233K [0x00000000a0000000, 0x00000000b3a80000, 0x00000000e0000000)
  object space 322048K, 71% used [0x00000000a0000000,0x00000000adfdc728,0x00000000b3a80000)
 Metaspace       used 98620K, capacity 102486K, committed 102784K, reserved 1138688K
  class space    used 12480K, capacity 13339K, committed 13440K, reserved 1048576K
}
Event: 860.929 GC heap before
{Heap before GC invocations=40 (full 4):
 PSYoungGen      total 450560K, used 396998K [0x00000000e0000000, 0x00000000ffd00000, 0x0000000100000000)
  eden space 377856K, 100% used [0x00000000e0000000,0x00000000f7100000,0x00000000f7100000)
  from space 72704K, 26% used [0x00000000f7100000,0x00000000f83b1800,0x00000000fb800000)
  to   space 70656K, 0% used [0x00000000fb800000,0x00000000fb800000,0x00000000ffd00000)
 ParOldGen       total 322048K, used 229233K [0x00000000a0000000, 0x00000000b3a80000, 0x00000000e0000000)
  object space 322048K, 71% used [0x00000000a0000000,0x00000000adfdc728,0x00000000b3a80000)
 Metaspace       used 105728K, capacity 110076K, committed 110208K, reserved 1144832K
  class space    used 13483K, capacity 14426K, committed 14464K, reserved 1048576K
Event: 860.966 GC heap after
Heap after GC invocations=40 (full 4):
 PSYoungGen      total 445440K, used 26595K [0x00000000e0000000, 0x00000000ff700000, 0x0000000100000000)
  eden space 380928K, 0% used [0x00000000e0000000,0x00000000e0000000,0x00000000f7400000)
  from space 64512K, 41% used [0x00000000fb800000,0x00000000fd1f8fc0,0x00000000ff700000)
  to   space 67072K, 0% used [0x00000000f7400000,0x00000000f7400000,0x00000000fb580000)
 ParOldGen       total 322048K, used 231263K [0x00000000a0000000, 0x00000000b3a80000, 0x00000000e0000000)
  object space 322048K, 71% used [0x00000000a0000000,0x00000000ae1d7e68,0x00000000b3a80000)
 Metaspace       used 105728K, capacity 110076K, committed 110208K, reserved 1144832K
  class space    used 13483K, capacity 14426K, committed 14464K, reserved 1048576K
}
Event: 966.486 GC heap before
{Heap before GC invocations=41 (full 4):
 PSYoungGen      total 445440K, used 407523K [0x00000000e0000000, 0x00000000ff700000, 0x0000000100000000)
  eden space 380928K, 100% used [0x00000000e0000000,0x00000000f7400000,0x00000000f7400000)
  from space 64512K, 41% used [0x00000000fb800000,0x00000000fd1f8fc0,0x00000000ff700000)
  to   space 67072K, 0% used [0x00000000f7400000,0x00000000f7400000,0x00000000fb580000)
 ParOldGen       total 322048K, used 231263K [0x00000000a0000000, 0x00000000b3a80000, 0x00000000e0000000)
  object space 322048K, 71% used [0x00000000a0000000,0x00000000ae1d7e68,0x00000000b3a80000)
 Metaspace       used 110984K, capacity 115818K, committed 115968K, reserved 1150976K
  class space    used 14048K, capacity 15051K, committed 15104K, reserved 1048576K
Event: 966.548 GC heap after
Heap after GC invocations=41 (full 4):
 PSYoungGen      total 448000K, used 19619K [0x00000000e0000000, 0x00000000ffe80000, 0x0000000100000000)
  eden space 380928K, 0% used [0x00000000e0000000,0x00000000e0000000,0x00000000f7400000)
  from space 67072K, 29% used [0x00000000f7400000,0x00000000f8728f20,0x00000000fb580000)
  to   space 65024K, 0% used [0x00000000fbf00000,0x00000000fbf00000,0x00000000ffe80000)
 ParOldGen       total 322048K, used 239331K [0x00000000a0000000, 0x00000000b3a80000, 0x00000000e0000000)
  object space 322048K, 74% used [0x00000000a0000000,0x00000000ae9b8c28,0x00000000b3a80000)
 Metaspace       used 110984K, capacity 115818K, committed 115968K, reserved 1150976K
  class space    used 14048K, capacity 15051K, committed 15104K, reserved 1048576K
}

